2019-11-21 00:00:15,987 INFO [org.springframework.test.context.support.DefaultTestContextBootstrapper] - Loaded default TestExecutionListener class names from location [META-INF/spring.factories]: [org.springframework.test.context.web.ServletTestExecutionListener, org.springframework.test.context.support.DirtiesContextBeforeModesTestExecutionListener, org.springframework.test.context.support.DependencyInjectionTestExecutionListener, org.springframework.test.context.support.DirtiesContextTestExecutionListener, org.springframework.test.context.transaction.TransactionalTestExecutionListener, org.springframework.test.context.jdbc.SqlScriptsTestExecutionListener]
2019-11-21 00:00:16,034 INFO [org.springframework.test.context.support.DefaultTestContextBootstrapper] - Using TestExecutionListeners: [org.springframework.test.context.web.ServletTestExecutionListener@3e6fa38a, org.springframework.test.context.support.DirtiesContextBeforeModesTestExecutionListener@66a3ffec, org.springframework.test.context.support.DependencyInjectionTestExecutionListener@77caeb3e, org.springframework.test.context.support.DirtiesContextTestExecutionListener@1e88b3c, org.springframework.test.context.transaction.TransactionalTestExecutionListener@42d80b78, org.springframework.test.context.jdbc.SqlScriptsTestExecutionListener@3bfdc050]
2019-11-21 00:00:16,133 INFO [org.springframework.beans.factory.xml.XmlBeanDefinitionReader] - Loading XML bean definitions from class path resource [spring-context.xml]
2019-11-21 00:00:16,536 INFO [org.springframework.beans.factory.xml.XmlBeanDefinitionReader] - Loading XML bean definitions from class path resource [spring-context-druid.xml]
2019-11-21 00:00:16,689 INFO [org.springframework.beans.factory.xml.XmlBeanDefinitionReader] - Loading XML bean definitions from class path resource [spring-context-mybatis.xml]
2019-11-21 00:00:16,726 INFO [org.springframework.context.support.GenericApplicationContext] - Refreshing org.springframework.context.support.GenericApplicationContext@20398b7c: startup date [Thu Nov 21 00:00:16 CST 2019]; root of context hierarchy
2019-11-21 00:00:18,422 INFO [com.alibaba.druid.pool.DruidDataSource] - {dataSource-1} inited
2019-11-21 00:00:19,227 INFO [org.springframework.beans.factory.xml.XmlBeanDefinitionReader] - Loading XML bean definitions from class path resource [org/springframework/jdbc/support/sql-error-codes.xml]
2019-11-21 00:00:19,281 INFO [org.springframework.jdbc.support.SQLErrorCodesFactory] - SQLErrorCodes loaded: [DB2, Derby, H2, HDB, HSQL, Informix, MS-SQL, MySQL, Oracle, PostgreSQL, Sybase]
2019-11-21 00:00:19,309 INFO [org.springframework.context.support.GenericApplicationContext] - Closing org.springframework.context.support.GenericApplicationContext@20398b7c: startup date [Thu Nov 21 00:00:16 CST 2019]; root of context hierarchy
2019-11-21 00:00:19,319 INFO [com.alibaba.druid.pool.DruidDataSource] - {dataSource-1} closed
2019-11-21 00:01:50,109 INFO [org.springframework.test.context.support.DefaultTestContextBootstrapper] - Loaded default TestExecutionListener class names from location [META-INF/spring.factories]: [org.springframework.test.context.web.ServletTestExecutionListener, org.springframework.test.context.support.DirtiesContextBeforeModesTestExecutionListener, org.springframework.test.context.support.DependencyInjectionTestExecutionListener, org.springframework.test.context.support.DirtiesContextTestExecutionListener, org.springframework.test.context.transaction.TransactionalTestExecutionListener, org.springframework.test.context.jdbc.SqlScriptsTestExecutionListener]
2019-11-21 00:01:50,125 INFO [org.springframework.test.context.support.DefaultTestContextBootstrapper] - Using TestExecutionListeners: [org.springframework.test.context.web.ServletTestExecutionListener@3e6fa38a, org.springframework.test.context.support.DirtiesContextBeforeModesTestExecutionListener@66a3ffec, org.springframework.test.context.support.DependencyInjectionTestExecutionListener@77caeb3e, org.springframework.test.context.support.DirtiesContextTestExecutionListener@1e88b3c, org.springframework.test.context.transaction.TransactionalTestExecutionListener@42d80b78, org.springframework.test.context.jdbc.SqlScriptsTestExecutionListener@3bfdc050]
2019-11-21 00:01:50,206 INFO [org.springframework.beans.factory.xml.XmlBeanDefinitionReader] - Loading XML bean definitions from class path resource [spring-context.xml]
2019-11-21 00:01:50,419 INFO [org.springframework.beans.factory.xml.XmlBeanDefinitionReader] - Loading XML bean definitions from class path resource [spring-context-druid.xml]
2019-11-21 00:01:50,449 INFO [org.springframework.beans.factory.xml.XmlBeanDefinitionReader] - Loading XML bean definitions from class path resource [spring-context-mybatis.xml]
2019-11-21 00:01:50,464 INFO [org.springframework.context.support.GenericApplicationContext] - Refreshing org.springframework.context.support.GenericApplicationContext@20398b7c: startup date [Thu Nov 21 00:01:50 CST 2019]; root of context hierarchy
2019-11-21 00:01:51,185 INFO [com.alibaba.druid.pool.DruidDataSource] - {dataSource-1} inited
2019-11-21 00:01:51,535 INFO [org.springframework.context.support.GenericApplicationContext] - Closing org.springframework.context.support.GenericApplicationContext@20398b7c: startup date [Thu Nov 21 00:01:50 CST 2019]; root of context hierarchy
2019-11-21 00:01:51,539 INFO [com.alibaba.druid.pool.DruidDataSource] - {dataSource-1} closed
2019-11-21 00:01:57,899 INFO [org.springframework.test.context.support.DefaultTestContextBootstrapper] - Loaded default TestExecutionListener class names from location [META-INF/spring.factories]: [org.springframework.test.context.web.ServletTestExecutionListener, org.springframework.test.context.support.DirtiesContextBeforeModesTestExecutionListener, org.springframework.test.context.support.DependencyInjectionTestExecutionListener, org.springframework.test.context.support.DirtiesContextTestExecutionListener, org.springframework.test.context.transaction.TransactionalTestExecutionListener, org.springframework.test.context.jdbc.SqlScriptsTestExecutionListener]
2019-11-21 00:01:57,924 INFO [org.springframework.test.context.support.DefaultTestContextBootstrapper] - Using TestExecutionListeners: [org.springframework.test.context.web.ServletTestExecutionListener@3e6fa38a, org.springframework.test.context.support.DirtiesContextBeforeModesTestExecutionListener@66a3ffec, org.springframework.test.context.support.DependencyInjectionTestExecutionListener@77caeb3e, org.springframework.test.context.support.DirtiesContextTestExecutionListener@1e88b3c, org.springframework.test.context.transaction.TransactionalTestExecutionListener@42d80b78, org.springframework.test.context.jdbc.SqlScriptsTestExecutionListener@3bfdc050]
2019-11-21 00:01:58,010 INFO [org.springframework.beans.factory.xml.XmlBeanDefinitionReader] - Loading XML bean definitions from class path resource [spring-context.xml]
2019-11-21 00:01:58,238 INFO [org.springframework.beans.factory.xml.XmlBeanDefinitionReader] - Loading XML bean definitions from class path resource [spring-context-druid.xml]
2019-11-21 00:01:58,278 INFO [org.springframework.beans.factory.xml.XmlBeanDefinitionReader] - Loading XML bean definitions from class path resource [spring-context-mybatis.xml]
2019-11-21 00:01:58,301 INFO [org.springframework.context.support.GenericApplicationContext] - Refreshing org.springframework.context.support.GenericApplicationContext@20398b7c: startup date [Thu Nov 21 00:01:58 CST 2019]; root of context hierarchy
2019-11-21 00:01:59,022 INFO [com.alibaba.druid.pool.DruidDataSource] - {dataSource-1} inited
2019-11-21 00:01:59,531 INFO [org.springframework.beans.factory.xml.XmlBeanDefinitionReader] - Loading XML bean definitions from class path resource [org/springframework/jdbc/support/sql-error-codes.xml]
2019-11-21 00:01:59,578 INFO [org.springframework.jdbc.support.SQLErrorCodesFactory] - SQLErrorCodes loaded: [DB2, Derby, H2, HDB, HSQL, Informix, MS-SQL, MySQL, Oracle, PostgreSQL, Sybase]
2019-11-21 00:01:59,608 INFO [org.springframework.context.support.GenericApplicationContext] - Closing org.springframework.context.support.GenericApplicationContext@20398b7c: startup date [Thu Nov 21 00:01:58 CST 2019]; root of context hierarchy
2019-11-21 00:01:59,712 INFO [com.alibaba.druid.pool.DruidDataSource] - {dataSource-1} closed
2019-11-21 00:02:12,724 INFO [org.springframework.test.context.support.DefaultTestContextBootstrapper] - Loaded default TestExecutionListener class names from location [META-INF/spring.factories]: [org.springframework.test.context.web.ServletTestExecutionListener, org.springframework.test.context.support.DirtiesContextBeforeModesTestExecutionListener, org.springframework.test.context.support.DependencyInjectionTestExecutionListener, org.springframework.test.context.support.DirtiesContextTestExecutionListener, org.springframework.test.context.transaction.TransactionalTestExecutionListener, org.springframework.test.context.jdbc.SqlScriptsTestExecutionListener]
2019-11-21 00:02:12,744 INFO [org.springframework.test.context.support.DefaultTestContextBootstrapper] - Using TestExecutionListeners: [org.springframework.test.context.web.ServletTestExecutionListener@3e6fa38a, org.springframework.test.context.support.DirtiesContextBeforeModesTestExecutionListener@66a3ffec, org.springframework.test.context.support.DependencyInjectionTestExecutionListener@77caeb3e, org.springframework.test.context.support.DirtiesContextTestExecutionListener@1e88b3c, org.springframework.test.context.transaction.TransactionalTestExecutionListener@42d80b78, org.springframework.test.context.jdbc.SqlScriptsTestExecutionListener@3bfdc050]
2019-11-21 00:02:12,841 INFO [org.springframework.beans.factory.xml.XmlBeanDefinitionReader] - Loading XML bean definitions from class path resource [spring-context.xml]
2019-11-21 00:02:13,050 INFO [org.springframework.beans.factory.xml.XmlBeanDefinitionReader] - Loading XML bean definitions from class path resource [spring-context-druid.xml]
2019-11-21 00:02:13,087 INFO [org.springframework.beans.factory.xml.XmlBeanDefinitionReader] - Loading XML bean definitions from class path resource [spring-context-mybatis.xml]
2019-11-21 00:02:13,116 INFO [org.springframework.context.support.GenericApplicationContext] - Refreshing org.springframework.context.support.GenericApplicationContext@20398b7c: startup date [Thu Nov 21 00:02:13 CST 2019]; root of context hierarchy
2019-11-21 00:02:14,007 INFO [com.alibaba.druid.pool.DruidDataSource] - {dataSource-1} inited
2019-11-21 00:02:14,513 INFO [org.springframework.beans.factory.xml.XmlBeanDefinitionReader] - Loading XML bean definitions from class path resource [org/springframework/jdbc/support/sql-error-codes.xml]
2019-11-21 00:02:14,553 INFO [org.springframework.jdbc.support.SQLErrorCodesFactory] - SQLErrorCodes loaded: [DB2, Derby, H2, HDB, HSQL, Informix, MS-SQL, MySQL, Oracle, PostgreSQL, Sybase]
2019-11-21 00:02:14,578 INFO [org.springframework.context.support.GenericApplicationContext] - Closing org.springframework.context.support.GenericApplicationContext@20398b7c: startup date [Thu Nov 21 00:02:13 CST 2019]; root of context hierarchy
2019-11-21 00:02:14,585 INFO [com.alibaba.druid.pool.DruidDataSource] - {dataSource-1} closed
2019-11-21 00:02:52,725 INFO [org.springframework.test.context.support.DefaultTestContextBootstrapper] - Loaded default TestExecutionListener class names from location [META-INF/spring.factories]: [org.springframework.test.context.web.ServletTestExecutionListener, org.springframework.test.context.support.DirtiesContextBeforeModesTestExecutionListener, org.springframework.test.context.support.DependencyInjectionTestExecutionListener, org.springframework.test.context.support.DirtiesContextTestExecutionListener, org.springframework.test.context.transaction.TransactionalTestExecutionListener, org.springframework.test.context.jdbc.SqlScriptsTestExecutionListener]
2019-11-21 00:02:52,742 INFO [org.springframework.test.context.support.DefaultTestContextBootstrapper] - Using TestExecutionListeners: [org.springframework.test.context.web.ServletTestExecutionListener@3e6fa38a, org.springframework.test.context.support.DirtiesContextBeforeModesTestExecutionListener@66a3ffec, org.springframework.test.context.support.DependencyInjectionTestExecutionListener@77caeb3e, org.springframework.test.context.support.DirtiesContextTestExecutionListener@1e88b3c, org.springframework.test.context.transaction.TransactionalTestExecutionListener@42d80b78, org.springframework.test.context.jdbc.SqlScriptsTestExecutionListener@3bfdc050]
2019-11-21 00:02:52,831 INFO [org.springframework.beans.factory.xml.XmlBeanDefinitionReader] - Loading XML bean definitions from class path resource [spring-context.xml]
2019-11-21 00:02:53,036 INFO [org.springframework.beans.factory.xml.XmlBeanDefinitionReader] - Loading XML bean definitions from class path resource [spring-context-druid.xml]
2019-11-21 00:02:53,081 INFO [org.springframework.beans.factory.xml.XmlBeanDefinitionReader] - Loading XML bean definitions from class path resource [spring-context-mybatis.xml]
2019-11-21 00:02:53,107 INFO [org.springframework.context.support.GenericApplicationContext] - Refreshing org.springframework.context.support.GenericApplicationContext@20398b7c: startup date [Thu Nov 21 00:02:53 CST 2019]; root of context hierarchy
2019-11-21 00:02:54,070 INFO [com.alibaba.druid.pool.DruidDataSource] - {dataSource-1} inited
2019-11-21 00:02:54,539 INFO [org.springframework.context.support.GenericApplicationContext] - Closing org.springframework.context.support.GenericApplicationContext@20398b7c: startup date [Thu Nov 21 00:02:53 CST 2019]; root of context hierarchy
2019-11-21 00:02:54,543 INFO [com.alibaba.druid.pool.DruidDataSource] - {dataSource-1} closed
2019-11-21 00:03:19,042 INFO [org.springframework.test.context.support.DefaultTestContextBootstrapper] - Loaded default TestExecutionListener class names from location [META-INF/spring.factories]: [org.springframework.test.context.web.ServletTestExecutionListener, org.springframework.test.context.support.DirtiesContextBeforeModesTestExecutionListener, org.springframework.test.context.support.DependencyInjectionTestExecutionListener, org.springframework.test.context.support.DirtiesContextTestExecutionListener, org.springframework.test.context.transaction.TransactionalTestExecutionListener, org.springframework.test.context.jdbc.SqlScriptsTestExecutionListener]
2019-11-21 00:03:19,059 INFO [org.springframework.test.context.support.DefaultTestContextBootstrapper] - Using TestExecutionListeners: [org.springframework.test.context.web.ServletTestExecutionListener@3e6fa38a, org.springframework.test.context.support.DirtiesContextBeforeModesTestExecutionListener@66a3ffec, org.springframework.test.context.support.DependencyInjectionTestExecutionListener@77caeb3e, org.springframework.test.context.support.DirtiesContextTestExecutionListener@1e88b3c, org.springframework.test.context.transaction.TransactionalTestExecutionListener@42d80b78, org.springframework.test.context.jdbc.SqlScriptsTestExecutionListener@3bfdc050]
2019-11-21 00:03:19,127 INFO [org.springframework.beans.factory.xml.XmlBeanDefinitionReader] - Loading XML bean definitions from class path resource [spring-context.xml]
2019-11-21 00:03:19,315 INFO [org.springframework.beans.factory.xml.XmlBeanDefinitionReader] - Loading XML bean definitions from class path resource [spring-context-druid.xml]
2019-11-21 00:03:19,350 INFO [org.springframework.beans.factory.xml.XmlBeanDefinitionReader] - Loading XML bean definitions from class path resource [spring-context-mybatis.xml]
2019-11-21 00:03:19,373 INFO [org.springframework.context.support.GenericApplicationContext] - Refreshing org.springframework.context.support.GenericApplicationContext@20398b7c: startup date [Thu Nov 21 00:03:19 CST 2019]; root of context hierarchy
2019-11-21 00:03:20,297 INFO [com.alibaba.druid.pool.DruidDataSource] - {dataSource-1} inited
2019-11-21 00:03:20,758 INFO [org.springframework.beans.factory.xml.XmlBeanDefinitionReader] - Loading XML bean definitions from class path resource [org/springframework/jdbc/support/sql-error-codes.xml]
2019-11-21 00:03:20,795 INFO [org.springframework.jdbc.support.SQLErrorCodesFactory] - SQLErrorCodes loaded: [DB2, Derby, H2, HDB, HSQL, Informix, MS-SQL, MySQL, Oracle, PostgreSQL, Sybase]
2019-11-21 00:03:20,816 INFO [org.springframework.context.support.GenericApplicationContext] - Closing org.springframework.context.support.GenericApplicationContext@20398b7c: startup date [Thu Nov 21 00:03:19 CST 2019]; root of context hierarchy
2019-11-21 00:03:20,822 INFO [com.alibaba.druid.pool.DruidDataSource] - {dataSource-1} closed
2019-11-21 00:03:55,468 INFO [org.springframework.test.context.support.DefaultTestContextBootstrapper] - Loaded default TestExecutionListener class names from location [META-INF/spring.factories]: [org.springframework.test.context.web.ServletTestExecutionListener, org.springframework.test.context.support.DirtiesContextBeforeModesTestExecutionListener, org.springframework.test.context.support.DependencyInjectionTestExecutionListener, org.springframework.test.context.support.DirtiesContextTestExecutionListener, org.springframework.test.context.transaction.TransactionalTestExecutionListener, org.springframework.test.context.jdbc.SqlScriptsTestExecutionListener]
2019-11-21 00:03:55,518 INFO [org.springframework.test.context.support.DefaultTestContextBootstrapper] - Using TestExecutionListeners: [org.springframework.test.context.web.ServletTestExecutionListener@3e6fa38a, org.springframework.test.context.support.DirtiesContextBeforeModesTestExecutionListener@66a3ffec, org.springframework.test.context.support.DependencyInjectionTestExecutionListener@77caeb3e, org.springframework.test.context.support.DirtiesContextTestExecutionListener@1e88b3c, org.springframework.test.context.transaction.TransactionalTestExecutionListener@42d80b78, org.springframework.test.context.jdbc.SqlScriptsTestExecutionListener@3bfdc050]
2019-11-21 00:03:55,688 INFO [org.springframework.beans.factory.xml.XmlBeanDefinitionReader] - Loading XML bean definitions from class path resource [spring-context.xml]
2019-11-21 00:03:56,030 INFO [org.springframework.beans.factory.xml.XmlBeanDefinitionReader] - Loading XML bean definitions from class path resource [spring-context-druid.xml]
2019-11-21 00:03:56,105 INFO [org.springframework.beans.factory.xml.XmlBeanDefinitionReader] - Loading XML bean definitions from class path resource [spring-context-mybatis.xml]
2019-11-21 00:03:56,138 INFO [org.springframework.context.support.GenericApplicationContext] - Refreshing org.springframework.context.support.GenericApplicationContext@20398b7c: startup date [Thu Nov 21 00:03:56 CST 2019]; root of context hierarchy
2019-11-21 00:03:57,232 INFO [com.alibaba.druid.pool.DruidDataSource] - {dataSource-1} inited
2019-11-21 00:03:57,784 INFO [org.springframework.context.support.GenericApplicationContext] - Closing org.springframework.context.support.GenericApplicationContext@20398b7c: startup date [Thu Nov 21 00:03:56 CST 2019]; root of context hierarchy
2019-11-21 00:03:57,788 INFO [com.alibaba.druid.pool.DruidDataSource] - {dataSource-1} closed
2019-11-21 00:06:41,387 INFO [org.springframework.test.context.support.DefaultTestContextBootstrapper] - Loaded default TestExecutionListener class names from location [META-INF/spring.factories]: [org.springframework.test.context.web.ServletTestExecutionListener, org.springframework.test.context.support.DirtiesContextBeforeModesTestExecutionListener, org.springframework.test.context.support.DependencyInjectionTestExecutionListener, org.springframework.test.context.support.DirtiesContextTestExecutionListener, org.springframework.test.context.transaction.TransactionalTestExecutionListener, org.springframework.test.context.jdbc.SqlScriptsTestExecutionListener]
2019-11-21 00:06:41,427 INFO [org.springframework.test.context.support.DefaultTestContextBootstrapper] - Using TestExecutionListeners: [org.springframework.test.context.web.ServletTestExecutionListener@3e6fa38a, org.springframework.test.context.support.DirtiesContextBeforeModesTestExecutionListener@66a3ffec, org.springframework.test.context.support.DependencyInjectionTestExecutionListener@77caeb3e, org.springframework.test.context.support.DirtiesContextTestExecutionListener@1e88b3c, org.springframework.test.context.transaction.TransactionalTestExecutionListener@42d80b78, org.springframework.test.context.jdbc.SqlScriptsTestExecutionListener@3bfdc050]
2019-11-21 00:06:41,627 INFO [org.springframework.beans.factory.xml.XmlBeanDefinitionReader] - Loading XML bean definitions from class path resource [spring-context.xml]
2019-11-21 00:06:42,230 INFO [org.springframework.beans.factory.xml.XmlBeanDefinitionReader] - Loading XML bean definitions from class path resource [spring-context-druid.xml]
2019-11-21 00:06:42,374 INFO [org.springframework.beans.factory.xml.XmlBeanDefinitionReader] - Loading XML bean definitions from class path resource [spring-context-mybatis.xml]
2019-11-21 00:06:42,420 INFO [org.springframework.context.support.GenericApplicationContext] - Refreshing org.springframework.context.support.GenericApplicationContext@20398b7c: startup date [Thu Nov 21 00:06:42 CST 2019]; root of context hierarchy
2019-11-21 00:06:43,928 INFO [com.alibaba.druid.pool.DruidDataSource] - {dataSource-1} inited
2019-11-21 00:06:44,607 INFO [org.springframework.context.support.GenericApplicationContext] - Closing org.springframework.context.support.GenericApplicationContext@20398b7c: startup date [Thu Nov 21 00:06:42 CST 2019]; root of context hierarchy
2019-11-21 00:06:44,613 INFO [com.alibaba.druid.pool.DruidDataSource] - {dataSource-1} closed
2019-11-21 00:07:38,095 INFO [org.springframework.test.context.support.DefaultTestContextBootstrapper] - Loaded default TestExecutionListener class names from location [META-INF/spring.factories]: [org.springframework.test.context.web.ServletTestExecutionListener, org.springframework.test.context.support.DirtiesContextBeforeModesTestExecutionListener, org.springframework.test.context.support.DependencyInjectionTestExecutionListener, org.springframework.test.context.support.DirtiesContextTestExecutionListener, org.springframework.test.context.transaction.TransactionalTestExecutionListener, org.springframework.test.context.jdbc.SqlScriptsTestExecutionListener]
2019-11-21 00:07:38,136 INFO [org.springframework.test.context.support.DefaultTestContextBootstrapper] - Using TestExecutionListeners: [org.springframework.test.context.web.ServletTestExecutionListener@3e6fa38a, org.springframework.test.context.support.DirtiesContextBeforeModesTestExecutionListener@66a3ffec, org.springframework.test.context.support.DependencyInjectionTestExecutionListener@77caeb3e, org.springframework.test.context.support.DirtiesContextTestExecutionListener@1e88b3c, org.springframework.test.context.transaction.TransactionalTestExecutionListener@42d80b78, org.springframework.test.context.jdbc.SqlScriptsTestExecutionListener@3bfdc050]
2019-11-21 00:07:38,291 INFO [org.springframework.beans.factory.xml.XmlBeanDefinitionReader] - Loading XML bean definitions from class path resource [spring-context.xml]
2019-11-21 00:07:38,586 INFO [org.springframework.beans.factory.xml.XmlBeanDefinitionReader] - Loading XML bean definitions from class path resource [spring-context-druid.xml]
2019-11-21 00:07:38,630 INFO [org.springframework.beans.factory.xml.XmlBeanDefinitionReader] - Loading XML bean definitions from class path resource [spring-context-mybatis.xml]
2019-11-21 00:07:38,660 INFO [org.springframework.context.support.GenericApplicationContext] - Refreshing org.springframework.context.support.GenericApplicationContext@20398b7c: startup date [Thu Nov 21 00:07:38 CST 2019]; root of context hierarchy
2019-11-21 00:07:39,889 INFO [com.alibaba.druid.pool.DruidDataSource] - {dataSource-1} inited
2019-11-21 00:07:40,569 INFO [org.springframework.context.support.GenericApplicationContext] - Closing org.springframework.context.support.GenericApplicationContext@20398b7c: startup date [Thu Nov 21 00:07:38 CST 2019]; root of context hierarchy
2019-11-21 00:07:40,575 INFO [com.alibaba.druid.pool.DruidDataSource] - {dataSource-1} closed
2019-11-21 00:08:06,721 INFO [org.springframework.test.context.support.DefaultTestContextBootstrapper] - Loaded default TestExecutionListener class names from location [META-INF/spring.factories]: [org.springframework.test.context.web.ServletTestExecutionListener, org.springframework.test.context.support.DirtiesContextBeforeModesTestExecutionListener, org.springframework.test.context.support.DependencyInjectionTestExecutionListener, org.springframework.test.context.support.DirtiesContextTestExecutionListener, org.springframework.test.context.transaction.TransactionalTestExecutionListener, org.springframework.test.context.jdbc.SqlScriptsTestExecutionListener]
2019-11-21 00:08:06,757 INFO [org.springframework.test.context.support.DefaultTestContextBootstrapper] - Using TestExecutionListeners: [org.springframework.test.context.web.ServletTestExecutionListener@3e6fa38a, org.springframework.test.context.support.DirtiesContextBeforeModesTestExecutionListener@66a3ffec, org.springframework.test.context.support.DependencyInjectionTestExecutionListener@77caeb3e, org.springframework.test.context.support.DirtiesContextTestExecutionListener@1e88b3c, org.springframework.test.context.transaction.TransactionalTestExecutionListener@42d80b78, org.springframework.test.context.jdbc.SqlScriptsTestExecutionListener@3bfdc050]
2019-11-21 00:08:06,888 INFO [org.springframework.beans.factory.xml.XmlBeanDefinitionReader] - Loading XML bean definitions from class path resource [spring-context.xml]
2019-11-21 00:08:07,376 INFO [org.springframework.beans.factory.xml.XmlBeanDefinitionReader] - Loading XML bean definitions from class path resource [spring-context-druid.xml]
2019-11-21 00:08:07,461 INFO [org.springframework.beans.factory.xml.XmlBeanDefinitionReader] - Loading XML bean definitions from class path resource [spring-context-mybatis.xml]
2019-11-21 00:08:07,540 INFO [org.springframework.context.support.GenericApplicationContext] - Refreshing org.springframework.context.support.GenericApplicationContext@20398b7c: startup date [Thu Nov 21 00:08:07 CST 2019]; root of context hierarchy
2019-11-21 00:08:08,872 INFO [com.alibaba.druid.pool.DruidDataSource] - {dataSource-1} inited
2019-11-21 00:08:09,600 INFO [org.springframework.context.support.GenericApplicationContext] - Closing org.springframework.context.support.GenericApplicationContext@20398b7c: startup date [Thu Nov 21 00:08:07 CST 2019]; root of context hierarchy
2019-11-21 00:08:09,608 INFO [com.alibaba.druid.pool.DruidDataSource] - {dataSource-1} closed
2019-11-21 11:55:05,984 INFO [org.springframework.test.context.support.DefaultTestContextBootstrapper] - Loaded default TestExecutionListener class names from location [META-INF/spring.factories]: [org.springframework.test.context.web.ServletTestExecutionListener, org.springframework.test.context.support.DirtiesContextBeforeModesTestExecutionListener, org.springframework.test.context.support.DependencyInjectionTestExecutionListener, org.springframework.test.context.support.DirtiesContextTestExecutionListener, org.springframework.test.context.transaction.TransactionalTestExecutionListener, org.springframework.test.context.jdbc.SqlScriptsTestExecutionListener]
2019-11-21 11:55:06,081 INFO [org.springframework.test.context.support.DefaultTestContextBootstrapper] - Using TestExecutionListeners: [org.springframework.test.context.web.ServletTestExecutionListener@3e6fa38a, org.springframework.test.context.support.DirtiesContextBeforeModesTestExecutionListener@66a3ffec, org.springframework.test.context.support.DependencyInjectionTestExecutionListener@77caeb3e, org.springframework.test.context.support.DirtiesContextTestExecutionListener@1e88b3c, org.springframework.test.context.transaction.TransactionalTestExecutionListener@42d80b78, org.springframework.test.context.jdbc.SqlScriptsTestExecutionListener@3bfdc050]
2019-11-21 11:55:06,390 INFO [org.springframework.beans.factory.xml.XmlBeanDefinitionReader] - Loading XML bean definitions from class path resource [spring-context.xml]
2019-11-21 11:55:06,913 INFO [org.springframework.beans.factory.xml.XmlBeanDefinitionReader] - Loading XML bean definitions from class path resource [spring-context-druid.xml]
2019-11-21 11:55:06,998 INFO [org.springframework.beans.factory.xml.XmlBeanDefinitionReader] - Loading XML bean definitions from class path resource [spring-context-mybatis.xml]
2019-11-21 11:55:07,040 INFO [org.springframework.context.support.GenericApplicationContext] - Refreshing org.springframework.context.support.GenericApplicationContext@20398b7c: startup date [Thu Nov 21 11:55:07 CST 2019]; root of context hierarchy
2019-11-21 11:55:08,707 INFO [com.alibaba.druid.pool.DruidDataSource] - {dataSource-1} inited
2019-11-21 11:55:09,447 INFO [org.springframework.context.support.GenericApplicationContext] - Closing org.springframework.context.support.GenericApplicationContext@20398b7c: startup date [Thu Nov 21 11:55:07 CST 2019]; root of context hierarchy
2019-11-21 11:55:09,456 INFO [com.alibaba.druid.pool.DruidDataSource] - {dataSource-1} closed
2019-11-21 21:37:20,695 INFO [org.springframework.test.context.support.DefaultTestContextBootstrapper] - Loaded default TestExecutionListener class names from location [META-INF/spring.factories]: [org.springframework.test.context.web.ServletTestExecutionListener, org.springframework.test.context.support.DirtiesContextBeforeModesTestExecutionListener, org.springframework.test.context.support.DependencyInjectionTestExecutionListener, org.springframework.test.context.support.DirtiesContextTestExecutionListener, org.springframework.test.context.transaction.TransactionalTestExecutionListener, org.springframework.test.context.jdbc.SqlScriptsTestExecutionListener]
2019-11-21 21:37:20,775 INFO [org.springframework.test.context.support.DefaultTestContextBootstrapper] - Using TestExecutionListeners: [org.springframework.test.context.web.ServletTestExecutionListener@3e6fa38a, org.springframework.test.context.support.DirtiesContextBeforeModesTestExecutionListener@66a3ffec, org.springframework.test.context.support.DependencyInjectionTestExecutionListener@77caeb3e, org.springframework.test.context.support.DirtiesContextTestExecutionListener@1e88b3c, org.springframework.test.context.transaction.TransactionalTestExecutionListener@42d80b78, org.springframework.test.context.jdbc.SqlScriptsTestExecutionListener@3bfdc050]
2019-11-21 21:37:20,923 INFO [org.springframework.beans.factory.xml.XmlBeanDefinitionReader] - Loading XML bean definitions from class path resource [spring-context.xml]
2019-11-21 21:37:21,264 INFO [org.springframework.beans.factory.xml.XmlBeanDefinitionReader] - Loading XML bean definitions from class path resource [spring-context-druid.xml]
2019-11-21 21:37:21,312 INFO [org.springframework.beans.factory.xml.XmlBeanDefinitionReader] - Loading XML bean definitions from class path resource [spring-context-mybatis.xml]
2019-11-21 21:37:21,340 INFO [org.springframework.context.support.GenericApplicationContext] - Refreshing org.springframework.context.support.GenericApplicationContext@20398b7c: startup date [Thu Nov 21 21:37:21 CST 2019]; root of context hierarchy
2019-11-21 21:37:22,235 INFO [com.alibaba.druid.pool.DruidDataSource] - {dataSource-1} inited
2019-11-21 21:37:22,621 INFO [org.springframework.context.support.GenericApplicationContext] - Closing org.springframework.context.support.GenericApplicationContext@20398b7c: startup date [Thu Nov 21 21:37:21 CST 2019]; root of context hierarchy
2019-11-21 21:37:22,628 INFO [com.alibaba.druid.pool.DruidDataSource] - {dataSource-1} closed
2019-11-21 21:37:55,568 INFO [org.springframework.test.context.support.DefaultTestContextBootstrapper] - Loaded default TestExecutionListener class names from location [META-INF/spring.factories]: [org.springframework.test.context.web.ServletTestExecutionListener, org.springframework.test.context.support.DirtiesContextBeforeModesTestExecutionListener, org.springframework.test.context.support.DependencyInjectionTestExecutionListener, org.springframework.test.context.support.DirtiesContextTestExecutionListener, org.springframework.test.context.transaction.TransactionalTestExecutionListener, org.springframework.test.context.jdbc.SqlScriptsTestExecutionListener]
2019-11-21 21:37:55,594 INFO [org.springframework.test.context.support.DefaultTestContextBootstrapper] - Using TestExecutionListeners: [org.springframework.test.context.web.ServletTestExecutionListener@3e6fa38a, org.springframework.test.context.support.DirtiesContextBeforeModesTestExecutionListener@66a3ffec, org.springframework.test.context.support.DependencyInjectionTestExecutionListener@77caeb3e, org.springframework.test.context.support.DirtiesContextTestExecutionListener@1e88b3c, org.springframework.test.context.transaction.TransactionalTestExecutionListener@42d80b78, org.springframework.test.context.jdbc.SqlScriptsTestExecutionListener@3bfdc050]
2019-11-21 21:37:55,721 INFO [org.springframework.beans.factory.xml.XmlBeanDefinitionReader] - Loading XML bean definitions from class path resource [spring-context.xml]
2019-11-21 21:37:56,034 INFO [org.springframework.beans.factory.xml.XmlBeanDefinitionReader] - Loading XML bean definitions from class path resource [spring-context-druid.xml]
2019-11-21 21:37:56,074 INFO [org.springframework.beans.factory.xml.XmlBeanDefinitionReader] - Loading XML bean definitions from class path resource [spring-context-mybatis.xml]
2019-11-21 21:37:56,095 INFO [org.springframework.context.support.GenericApplicationContext] - Refreshing org.springframework.context.support.GenericApplicationContext@20398b7c: startup date [Thu Nov 21 21:37:56 CST 2019]; root of context hierarchy
2019-11-21 21:37:57,381 INFO [com.alibaba.druid.pool.DruidDataSource] - {dataSource-1} inited
2019-11-21 21:37:57,970 INFO [org.springframework.context.support.GenericApplicationContext] - Closing org.springframework.context.support.GenericApplicationContext@20398b7c: startup date [Thu Nov 21 21:37:56 CST 2019]; root of context hierarchy
2019-11-21 21:37:57,976 INFO [com.alibaba.druid.pool.DruidDataSource] - {dataSource-1} closed
2019-11-21 21:38:41,180 INFO [org.springframework.test.context.support.DefaultTestContextBootstrapper] - Loaded default TestExecutionListener class names from location [META-INF/spring.factories]: [org.springframework.test.context.web.ServletTestExecutionListener, org.springframework.test.context.support.DirtiesContextBeforeModesTestExecutionListener, org.springframework.test.context.support.DependencyInjectionTestExecutionListener, org.springframework.test.context.support.DirtiesContextTestExecutionListener, org.springframework.test.context.transaction.TransactionalTestExecutionListener, org.springframework.test.context.jdbc.SqlScriptsTestExecutionListener]
2019-11-21 21:38:41,204 INFO [org.springframework.test.context.support.DefaultTestContextBootstrapper] - Using TestExecutionListeners: [org.springframework.test.context.web.ServletTestExecutionListener@3e6fa38a, org.springframework.test.context.support.DirtiesContextBeforeModesTestExecutionListener@66a3ffec, org.springframework.test.context.support.DependencyInjectionTestExecutionListener@77caeb3e, org.springframework.test.context.support.DirtiesContextTestExecutionListener@1e88b3c, org.springframework.test.context.transaction.TransactionalTestExecutionListener@42d80b78, org.springframework.test.context.jdbc.SqlScriptsTestExecutionListener@3bfdc050]
2019-11-21 21:38:41,298 INFO [org.springframework.beans.factory.xml.XmlBeanDefinitionReader] - Loading XML bean definitions from class path resource [spring-context.xml]
2019-11-21 21:38:41,539 INFO [org.springframework.beans.factory.xml.XmlBeanDefinitionReader] - Loading XML bean definitions from class path resource [spring-context-druid.xml]
2019-11-21 21:38:41,576 INFO [org.springframework.beans.factory.xml.XmlBeanDefinitionReader] - Loading XML bean definitions from class path resource [spring-context-mybatis.xml]
2019-11-21 21:38:41,596 INFO [org.springframework.context.support.GenericApplicationContext] - Refreshing org.springframework.context.support.GenericApplicationContext@20398b7c: startup date [Thu Nov 21 21:38:41 CST 2019]; root of context hierarchy
2019-11-21 21:38:42,395 INFO [com.alibaba.druid.pool.DruidDataSource] - {dataSource-1} inited
2019-11-21 21:38:42,737 INFO [org.springframework.context.support.GenericApplicationContext] - Closing org.springframework.context.support.GenericApplicationContext@20398b7c: startup date [Thu Nov 21 21:38:41 CST 2019]; root of context hierarchy
2019-11-21 21:38:42,740 INFO [com.alibaba.druid.pool.DruidDataSource] - {dataSource-1} closed
2019-11-21 21:55:53,103 INFO [org.springframework.test.context.support.DefaultTestContextBootstrapper] - Loaded default TestExecutionListener class names from location [META-INF/spring.factories]: [org.springframework.test.context.web.ServletTestExecutionListener, org.springframework.test.context.support.DirtiesContextBeforeModesTestExecutionListener, org.springframework.test.context.support.DependencyInjectionTestExecutionListener, org.springframework.test.context.support.DirtiesContextTestExecutionListener, org.springframework.test.context.transaction.TransactionalTestExecutionListener, org.springframework.test.context.jdbc.SqlScriptsTestExecutionListener]
2019-11-21 21:55:53,267 INFO [org.springframework.test.context.support.DefaultTestContextBootstrapper] - Using TestExecutionListeners: [org.springframework.test.context.web.ServletTestExecutionListener@6ce139a4, org.springframework.test.context.support.DirtiesContextBeforeModesTestExecutionListener@6973bf95, org.springframework.test.context.support.DependencyInjectionTestExecutionListener@2ddc8ecb, org.springframework.test.context.support.DirtiesContextTestExecutionListener@229d10bd, org.springframework.test.context.transaction.TransactionalTestExecutionListener@47542153, org.springframework.test.context.jdbc.SqlScriptsTestExecutionListener@33afa13b]
2019-11-21 21:55:53,664 INFO [org.springframework.beans.factory.xml.XmlBeanDefinitionReader] - Loading XML bean definitions from class path resource [spring-context.xml]
2019-11-21 21:55:54,581 INFO [org.springframework.beans.factory.xml.XmlBeanDefinitionReader] - Loading XML bean definitions from class path resource [spring-context-druid.xml]
2019-11-21 21:55:54,779 INFO [org.springframework.beans.factory.xml.XmlBeanDefinitionReader] - Loading XML bean definitions from class path resource [spring-context-mybatis.xml]
2019-11-21 21:55:54,884 INFO [org.springframework.context.support.GenericApplicationContext] - Refreshing org.springframework.context.support.GenericApplicationContext@31c88ec8: startup date [Thu Nov 21 21:55:54 CST 2019]; root of context hierarchy
2019-11-21 21:55:56,730 INFO [com.alibaba.druid.pool.DruidDataSource] - {dataSource-1} inited
2019-11-21 21:55:57,635 INFO [org.springframework.context.support.GenericApplicationContext] - Closing org.springframework.context.support.GenericApplicationContext@31c88ec8: startup date [Thu Nov 21 21:55:54 CST 2019]; root of context hierarchy
2019-11-21 21:55:57,649 INFO [com.alibaba.druid.pool.DruidDataSource] - {dataSource-1} closed
